[INFO ] 2024-09-06 19:12:23.518 [main] LoggerLoad - -------Validating Response Body--------
[INFO ] 2024-09-06 19:19:17.897 [main] LoggerLoad - -------Validating Response Body--------
[INFO ] 2024-09-06 19:21:21.342 [main] LoggerLoad - -------Validating Response Body--------
[INFO ] 2024-09-06 19:38:29.888 [main] LoggerLoad - ============Fillo API is up and Running===============
[INFO ] 2024-09-06 19:38:30.865 [main] LoggerLoad - -------Validating Response Body--------
[INFO ] 2024-09-06 19:42:59.505 [main] LoggerLoad - =======Fillo API is up and Running======
[INFO ] 2024-09-06 19:43:00.148 [main] LoggerLoad - -------Validating Response Body--------
[INFO ] 2024-09-06 19:46:26.560 [main] LoggerLoad - =======Fillo API is up and Running======
[INFO ] 2024-09-06 19:46:26.565 [main] LoggerLoad - ===========Sending valid_creds with POST request
[INFO ] 2024-09-06 19:46:27.154 [main] LoggerLoad - ===========Sending invalid_creds with POST request
[INFO ] 2024-09-06 19:46:27.171 [main] LoggerLoad - -------Validating Response Body--------
[INFO ] 2024-09-06 19:47:14.432 [main] LoggerLoad - =======Fillo API is up and Running======
[INFO ] 2024-09-06 19:47:14.436 [main] LoggerLoad - ======Sending valid_creds with POST request======
[INFO ] 2024-09-06 19:47:15.004 [main] LoggerLoad - ======Sending invalid_creds with POST request======
[INFO ] 2024-09-06 19:47:15.020 [main] LoggerLoad - -------Validating Response Body--------
[INFO ] 2024-09-06 19:49:40.123 [main] LoggerLoad - =======Fillo API is up and Running======
[INFO ] 2024-09-06 19:49:40.127 [main] LoggerLoad - ======Sending valid_creds with POST request======
[INFO ] 2024-09-06 19:49:40.294 [main] LoggerLoad - ======= Printing the Response Body=======
[INFO ] 2024-09-06 19:49:40.686 [main] LoggerLoad - ======Sending invalid_creds with POST request======
[INFO ] 2024-09-06 19:49:40.687 [main] LoggerLoad - ======= Printing the Response Body=======
[INFO ] 2024-09-06 19:49:40.701 [main] LoggerLoad - -------Validating Response Body--------
[INFO ] 2024-09-06 19:50:37.167 [main] LoggerLoad - =======Fillo API is up and Running======
[INFO ] 2024-09-06 19:50:37.171 [main] LoggerLoad - ======Sending valid_creds with POST request======
[INFO ] 2024-09-06 19:50:37.344 [main] LoggerLoad - ======= Printing the Response Body with Content Type and Status Line=======
[INFO ] 2024-09-06 19:50:37.747 [main] LoggerLoad - ======Sending invalid_creds with POST request======
[INFO ] 2024-09-06 19:50:37.747 [main] LoggerLoad - ======= Printing the Response Body with Content Type and Status Line=======
[INFO ] 2024-09-06 19:50:37.761 [main] LoggerLoad - -------Validating Response Body--------
[INFO ] 2024-09-06 19:51:20.941 [main] LoggerLoad - =======Fillo API is up and Running======
[INFO ] 2024-09-06 19:51:20.945 [main] LoggerLoad - ======Sending valid_creds with POST request======
[INFO ] 2024-09-06 19:51:21.121 [main] LoggerLoad - ======= Printing the Response Body with Content Type and Status Line=======
[INFO ] 2024-09-06 19:51:21.504 [main] LoggerLoad - ======Sending invalid_creds with POST request======
[INFO ] 2024-09-06 19:51:21.505 [main] LoggerLoad - ======= Printing the Response Body with Content Type and Status Line=======
[INFO ] 2024-09-06 19:51:21.519 [main] LoggerLoad - -------Validating Response Body--------
[INFO ] 2024-09-06 19:51:48.893 [main] LoggerLoad - =======Fillo API is up and Running======
[INFO ] 2024-09-06 19:51:48.896 [main] LoggerLoad - ======Sending valid_creds with POST request======
[INFO ] 2024-09-06 19:51:49.064 [main] LoggerLoad - ======= Printing the Response Body with Content Type and Status Line=======
[INFO ] 2024-09-06 19:51:49.453 [main] LoggerLoad - ======Sending invalid_creds with POST request======
[INFO ] 2024-09-06 19:51:49.454 [main] LoggerLoad - ======= Printing the Response Body with Content Type and Status Line=======
[INFO ] 2024-09-06 19:51:49.468 [main] LoggerLoad - -------Validating Response Body--------
[INFO ] 2024-09-06 19:52:57.481 [main] LoggerLoad - =======Fillo API is up and Running======
[INFO ] 2024-09-06 19:52:57.485 [main] LoggerLoad - ======Sending valid_creds with POST request======
[INFO ] 2024-09-06 19:52:57.661 [main] LoggerLoad - ======= Printing the Response Body with Content Type and Status Line=======
[INFO ] 2024-09-06 19:52:58.061 [main] LoggerLoad - ======Sending invalid_creds with POST request======
[INFO ] 2024-09-06 19:52:58.062 [main] LoggerLoad - ======= Printing the Response Body with Content Type and Status Line=======
[INFO ] 2024-09-06 19:52:58.081 [main] LoggerLoad - -------Validating Response Body--------
[INFO ] 2024-09-06 19:57:01.715 [main] LoggerLoad - =======Fillo API is up and Running======
[INFO ] 2024-09-06 19:57:01.720 [main] LoggerLoad - ======Sending valid_creds with POST request======
[INFO ] 2024-09-06 19:57:01.905 [main] LoggerLoad - ======= Printing the Response Body with Content Type and Status Line=======
[INFO ] 2024-09-06 19:57:02.306 [main] LoggerLoad - ======Sending invalid_creds with POST request======
[INFO ] 2024-09-06 19:57:02.307 [main] LoggerLoad - ======= Printing the Response Body with Content Type and Status Line=======
[INFO ] 2024-09-06 19:57:02.322 [main] LoggerLoad - -------Validating Response Body--------
[INFO ] 2024-09-06 20:19:34.197 [main] LoggerLoad - =======Fillo API is up and Running======
[INFO ] 2024-09-06 20:19:34.201 [main] LoggerLoad - ======Sending valid_creds with POST request======
[INFO ] 2024-09-06 20:19:34.388 [main] LoggerLoad - ======= Printing the Response Body with Content Type and Status Line =======
[INFO ] 2024-09-06 20:19:34.801 [main] LoggerLoad - ======Sending invalid_creds with POST request======
[INFO ] 2024-09-06 20:19:34.802 [main] LoggerLoad - ======= Printing the Response Body with Content Type and Status Line =======
[INFO ] 2024-09-06 20:19:34.818 [main] LoggerLoad - -------Validating Response Body--------
[INFO ] 2024-09-06 20:23:43.173 [main] LoggerLoad - =======Fillo API is up and Running======
[INFO ] 2024-09-06 20:23:43.177 [main] LoggerLoad - ======Sending valid_creds with POST request======
[INFO ] 2024-09-06 20:23:43.369 [main] LoggerLoad - ======= Printing the Response Body with Content Type and Status Line =======
[INFO ] 2024-09-06 20:23:43.795 [main] LoggerLoad - ======Sending invalid_creds with POST request======
[INFO ] 2024-09-06 20:23:43.796 [main] LoggerLoad - ======= Printing the Response Body with Content Type and Status Line =======
[INFO ] 2024-09-06 20:23:43.810 [main] LoggerLoad - -------Validating Response Body--------
[INFO ] 2024-09-06 20:27:38.538 [main] LoggerLoad - =======Fillo API is up and Running======
[INFO ] 2024-09-06 20:27:38.542 [main] LoggerLoad - ======Sending valid_creds with POST request======
[INFO ] 2024-09-06 20:27:38.728 [main] LoggerLoad - ======= Printing the Response Body with Content Type and Status Line =======
[INFO ] 2024-09-06 20:27:39.135 [main] LoggerLoad - ======Sending invalid_creds with POST request======
[INFO ] 2024-09-06 20:27:39.136 [main] LoggerLoad - ======= Printing the Response Body with Content Type and Status Line =======
[INFO ] 2024-09-06 20:27:39.165 [main] LoggerLoad - -------Validating Response Body--------
[INFO ] 2024-09-06 20:29:22.416 [main] LoggerLoad - =======Fillo API is up and Running======
[INFO ] 2024-09-06 20:29:22.420 [main] LoggerLoad - ======Sending valid_creds with POST request======
[INFO ] 2024-09-06 20:29:22.602 [main] LoggerLoad - ======= Printing the Response Body with Content Type and Status Line =======
[INFO ] 2024-09-06 20:29:23.006 [main] LoggerLoad - ======Sending invalid_creds with POST request======
[INFO ] 2024-09-06 20:29:23.007 [main] LoggerLoad - ======= Printing the Response Body with Content Type and Status Line =======
[INFO ] 2024-09-06 20:29:23.021 [main] LoggerLoad - -------Validating Response Body--------
[INFO ] 2024-09-06 20:29:44.842 [main] LoggerLoad - =======Fillo API is up and Running======
[INFO ] 2024-09-06 20:29:44.846 [main] LoggerLoad - ======Sending valid_creds with POST request======
[INFO ] 2024-09-06 20:29:45.022 [main] LoggerLoad - ======= Printing the Response Body with Content Type and Status Line =======
[INFO ] 2024-09-06 20:29:45.421 [main] LoggerLoad - ======Sending invalid_creds with POST request======
[INFO ] 2024-09-06 20:29:45.422 [main] LoggerLoad - ======= Printing the Response Body with Content Type and Status Line =======
[INFO ] 2024-09-06 20:29:45.437 [main] LoggerLoad - ======Sending invalid_endpoint with POST request======
[INFO ] 2024-09-06 20:29:45.437 [main] LoggerLoad - ======= Printing the Response Body with Content Type and Status Line =======
[INFO ] 2024-09-06 20:29:45.457 [main] LoggerLoad - -------Validating Response Body--------
[INFO ] 2024-09-06 20:32:32.723 [main] LoggerLoad - =======Fillo API is up and Running======
[INFO ] 2024-09-06 20:32:32.727 [main] LoggerLoad - ======Sending valid_creds with POST request======
[INFO ] 2024-09-06 20:32:32.913 [main] LoggerLoad - ======= Printing the Response Body with Content Type and Status Line =======
[INFO ] 2024-09-06 20:32:33.305 [main] LoggerLoad - ======Sending invalid_creds with POST request======
[INFO ] 2024-09-06 20:32:33.305 [main] LoggerLoad - ======= Printing the Response Body with Content Type and Status Line =======
[INFO ] 2024-09-06 20:32:33.318 [main] LoggerLoad - ======Sending invalid_endpoint with POST request======
[INFO ] 2024-09-06 20:32:33.319 [main] LoggerLoad - ======= Printing the Response Body with Content Type and Status Line =======
[INFO ] 2024-09-06 20:32:33.335 [main] LoggerLoad - ======Sending invalid_method with GET request======
[INFO ] 2024-09-06 20:32:33.336 [main] LoggerLoad - ======= Printing the Response Body with Content Type and Status Line =======
[INFO ] 2024-09-06 20:32:33.351 [main] LoggerLoad - -------Validating Response Body--------
[INFO ] 2024-09-06 20:39:01.119 [main] LoggerLoad - =======Fillo API is up and Running======
[INFO ] 2024-09-06 20:39:01.123 [main] LoggerLoad - ======Sending valid_creds with POST request======
[INFO ] 2024-09-06 20:39:01.304 [main] LoggerLoad - ======= Printing the Response Body with Content Type and Status Line =======
[INFO ] 2024-09-06 20:39:01.705 [main] LoggerLoad - ======Sending invalid_creds with POST request======
[INFO ] 2024-09-06 20:39:01.706 [main] LoggerLoad - ======= Printing the Response Body with Content Type and Status Line =======
[INFO ] 2024-09-06 20:39:01.720 [main] LoggerLoad - ======Sending invalid_endpoint with POST request======
[INFO ] 2024-09-06 20:39:01.721 [main] LoggerLoad - ======= Printing the Response Body with Content Type and Status Line =======
[INFO ] 2024-09-06 20:39:01.740 [main] LoggerLoad - ======Sending invalid_method with GET request======
[INFO ] 2024-09-06 20:39:01.741 [main] LoggerLoad - ======= Printing the Response Body with Content Type and Status Line =======
[INFO ] 2024-09-06 20:39:01.761 [main] LoggerLoad - -------Validating Response Body--------
[INFO ] 2024-09-06 22:23:09.833 [main] LoggerLoad - =======Fillo API is up and Running======
[INFO ] 2024-09-06 22:23:09.837 [main] LoggerLoad - ======Sending valid_creds with POST request======
[INFO ] 2024-09-06 22:23:10.024 [main] LoggerLoad - ======= Printing the Response Body with Content Type and Status Line =======
[INFO ] 2024-09-06 22:23:10.440 [main] LoggerLoad - ======Sending invalid_creds with POST request======
[INFO ] 2024-09-06 22:23:10.441 [main] LoggerLoad - ======= Printing the Response Body with Content Type and Status Line =======
[INFO ] 2024-09-06 22:23:10.455 [main] LoggerLoad - ======Sending invalid_endpoint with POST request======
[INFO ] 2024-09-06 22:23:10.456 [main] LoggerLoad - ======= Printing the Response Body with Content Type and Status Line =======
[INFO ] 2024-09-06 22:23:10.476 [main] LoggerLoad - ======Sending invalid_method with GET request======
[INFO ] 2024-09-06 22:23:10.477 [main] LoggerLoad - ======= Printing the Response Body with Content Type and Status Line =======
[INFO ] 2024-09-06 22:23:10.493 [main] LoggerLoad - -------Validating Response Body--------
[INFO ] 2024-09-06 22:23:10.494 [main] LoggerLoad - =========Validating the 1 iteration with scenario valid_creds=====
[INFO ] 2024-09-06 22:23:10.495 [main] LoggerLoad - =========Validating the 2 iteration with scenario invalid_creds=====
[INFO ] 2024-09-06 22:23:10.495 [main] LoggerLoad - =========Validating the 3 iteration with scenario invalid_endpoint=====
[INFO ] 2024-09-06 22:23:10.495 [main] LoggerLoad - =========Validating the 4 iteration with scenario invalid_method=====
[INFO ] 2024-09-06 22:24:22.972 [main] LoggerLoad - =======Fillo API is up and Running======
[INFO ] 2024-09-06 22:24:22.976 [main] LoggerLoad - ======Sending valid_Credentials with POST request======
[INFO ] 2024-09-06 22:24:23.162 [main] LoggerLoad - ======= Printing the Response Body with Content Type and Status Line =======
[INFO ] 2024-09-06 22:24:23.564 [main] LoggerLoad - ======Sending invalid_credentials with POST request======
[INFO ] 2024-09-06 22:24:23.565 [main] LoggerLoad - ======= Printing the Response Body with Content Type and Status Line =======
[INFO ] 2024-09-06 22:24:23.578 [main] LoggerLoad - ======Sending invalid_endpoint with POST request======
[INFO ] 2024-09-06 22:24:23.579 [main] LoggerLoad - ======= Printing the Response Body with Content Type and Status Line =======
[INFO ] 2024-09-06 22:24:23.596 [main] LoggerLoad - ======Sending invalid_method with GET request======
[INFO ] 2024-09-06 22:24:23.597 [main] LoggerLoad - ======= Printing the Response Body with Content Type and Status Line =======
[INFO ] 2024-09-06 22:24:23.613 [main] LoggerLoad - -------Validating Response Body--------
[INFO ] 2024-09-06 22:24:23.614 [main] LoggerLoad - =========Validating the 1 iteration with scenario valid_Credentials=====
[INFO ] 2024-09-06 22:24:23.616 [main] LoggerLoad - =========Validating the 2 iteration with scenario invalid_credentials=====
[INFO ] 2024-09-06 22:24:23.616 [main] LoggerLoad - =========Validating the 3 iteration with scenario invalid_endpoint=====
[INFO ] 2024-09-06 22:24:23.616 [main] LoggerLoad - =========Validating the 4 iteration with scenario invalid_method=====
[INFO ] 2024-09-06 22:29:34.621 [main] LoggerLoad - =======Fillo API is up and Running======
[INFO ] 2024-09-06 22:29:34.625 [main] LoggerLoad - ======Sending valid_Credentials with POST request======
[INFO ] 2024-09-06 22:29:34.809 [main] LoggerLoad - ======= Printing the 1 iteration Response Body with Content Type and Status Line =======
[INFO ] 2024-09-06 22:29:35.225 [main] LoggerLoad - ======Sending invalid_credentials with POST request======
[INFO ] 2024-09-06 22:29:35.226 [main] LoggerLoad - ======= Printing the 2 iteration Response Body with Content Type and Status Line =======
[INFO ] 2024-09-06 22:29:35.247 [main] LoggerLoad - ======Sending invalid_endpoint with POST request======
[INFO ] 2024-09-06 22:29:35.248 [main] LoggerLoad - ======= Printing the 3 iteration Response Body with Content Type and Status Line =======
[INFO ] 2024-09-06 22:29:35.265 [main] LoggerLoad - ======Sending invalid_method with GET request======
[INFO ] 2024-09-06 22:29:35.266 [main] LoggerLoad - ======= Printing the 4 iteration Response Body with Content Type and Status Line =======
[INFO ] 2024-09-06 22:29:35.282 [main] LoggerLoad - -------Validating Response Body--------
[INFO ] 2024-09-06 22:29:35.283 [main] LoggerLoad - =========Validating the 1 iteration with scenario valid_Credentials=====
[INFO ] 2024-09-06 22:29:35.284 [main] LoggerLoad - =========Validating the 2 iteration with scenario invalid_credentials=====
[INFO ] 2024-09-06 22:29:35.285 [main] LoggerLoad - =========Validating the 3 iteration with scenario invalid_endpoint=====
[INFO ] 2024-09-06 22:29:35.285 [main] LoggerLoad - =========Validating the 4 iteration with scenario invalid_method=====
[INFO ] 2024-09-06 22:31:36.972 [main] LoggerLoad - =======Fillo API is up and Running======
[INFO ] 2024-09-06 22:31:36.976 [main] LoggerLoad - ======Sending valid_Credentials with POST request======
[INFO ] 2024-09-06 22:31:37.172 [main] LoggerLoad - ======= Printing the 1 iteration Response Body with Content Type and Status Line =======
[INFO ] 2024-09-06 22:31:37.565 [main] LoggerLoad - ======Sending invalid_credentials with POST request======
[INFO ] 2024-09-06 22:31:37.566 [main] LoggerLoad - ======= Printing the 2 iteration Response Body with Content Type and Status Line =======
[INFO ] 2024-09-06 22:31:37.581 [main] LoggerLoad - ======Sending invalid_endpoint with POST request======
[INFO ] 2024-09-06 22:31:37.581 [main] LoggerLoad - ======= Printing the 3 iteration Response Body with Content Type and Status Line =======
[INFO ] 2024-09-06 22:31:37.600 [main] LoggerLoad - ======Sending invalid_method with GET request======
[INFO ] 2024-09-06 22:31:37.601 [main] LoggerLoad - ======= Printing the 4 iteration Response Body with Content Type and Status Line =======
[INFO ] 2024-09-06 22:31:37.617 [main] LoggerLoad - -------Validating Response Body--------
[INFO ] 2024-09-06 22:31:37.617 [main] LoggerLoad - =========Validating the 1 iteration with scenario valid_Credentials=====
[INFO ] 2024-09-06 22:31:37.618 [main] LoggerLoad - =========Validating the 2 iteration with scenario invalid_credentials=====
[INFO ] 2024-09-06 22:31:37.618 [main] LoggerLoad - =========Validating the 3 iteration with scenario invalid_endpoint=====
[INFO ] 2024-09-06 22:31:37.619 [main] LoggerLoad - =========Validating the 4 iteration with scenario invalid_method=====
[INFO ] 2024-09-06 22:32:13.054 [main] LoggerLoad - =======Fillo API is up and Running======
[INFO ] 2024-09-06 22:32:13.233 [main] LoggerLoad - ======= Printing the 1 iteration Response Body with Content Type and Status Line =======
[INFO ] 2024-09-06 22:32:13.624 [main] LoggerLoad - ======= Printing the 2 iteration Response Body with Content Type and Status Line =======
[INFO ] 2024-09-06 22:32:13.639 [main] LoggerLoad - ======= Printing the 3 iteration Response Body with Content Type and Status Line =======
[INFO ] 2024-09-06 22:32:13.653 [main] LoggerLoad - ======= Printing the 4 iteration Response Body with Content Type and Status Line =======
[INFO ] 2024-09-06 22:32:13.667 [main] LoggerLoad - -------Validating Response Body--------
[INFO ] 2024-09-06 22:32:13.668 [main] LoggerLoad - =========Validating the 1 iteration with scenario valid_Credentials=====
[INFO ] 2024-09-06 22:32:13.669 [main] LoggerLoad - =========Validating the 2 iteration with scenario invalid_credentials=====
[INFO ] 2024-09-06 22:32:13.669 [main] LoggerLoad - =========Validating the 3 iteration with scenario invalid_endpoint=====
[INFO ] 2024-09-06 22:32:13.669 [main] LoggerLoad - =========Validating the 4 iteration with scenario invalid_method=====
[INFO ] 2024-09-06 22:37:24.852 [main] LoggerLoad - =======Fillo API is up and Running======
[INFO ] 2024-09-06 22:37:25.043 [main] LoggerLoad - ======= Printing the 1 iteration Response Body for the Scenario valid_Credentials =======
[INFO ] 2024-09-06 22:37:25.445 [main] LoggerLoad - ======= Printing the 2 iteration Response Body for the Scenario invalid_credentials =======
[INFO ] 2024-09-06 22:37:25.459 [main] LoggerLoad - ======= Printing the 3 iteration Response Body for the Scenario invalid_endpoint =======
[INFO ] 2024-09-06 22:37:25.479 [main] LoggerLoad - ======= Printing the 4 iteration Response Body for the Scenario invalid_method =======
[INFO ] 2024-09-06 22:37:25.498 [main] LoggerLoad - -------Validating Response Body--------
[INFO ] 2024-09-06 22:37:25.500 [main] LoggerLoad - =========Validating the 1 iteration with scenario valid_Credentials=====
[INFO ] 2024-09-06 22:37:25.502 [main] LoggerLoad - =========Validating the 2 iteration with scenario invalid_credentials=====
[INFO ] 2024-09-06 22:37:25.502 [main] LoggerLoad - =========Validating the 3 iteration with scenario invalid_endpoint=====
[INFO ] 2024-09-06 22:37:25.502 [main] LoggerLoad - =========Validating the 4 iteration with scenario invalid_method=====
[INFO ] 2024-09-06 22:46:49.794 [main] LoggerLoad - =======Fillo API is up and Running======
[INFO ] 2024-09-06 22:46:50.006 [main] LoggerLoad - ======= Printing the 1 iteration Response Body for the Scenario valid_Credentials =======
[INFO ] 2024-09-06 22:46:50.403 [main] LoggerLoad - ======= Printing the 2 iteration Response Body for the Scenario invalid_credentials =======
[INFO ] 2024-09-06 22:46:50.417 [main] LoggerLoad - ======= Printing the 3 iteration Response Body for the Scenario invalid_endpoint =======
[INFO ] 2024-09-06 22:46:50.437 [main] LoggerLoad - ======= Printing the 4 iteration Response Body for the Scenario invalid_method =======
[INFO ] 2024-09-06 22:46:50.454 [main] LoggerLoad - -------Validating Response Body--------
[INFO ] 2024-09-06 22:46:50.454 [main] LoggerLoad - =========Validating the 1 iteration with scenario valid_Credentials=====
[INFO ] 2024-09-06 22:46:50.455 [main] LoggerLoad - =========Validating the 2 iteration with scenario invalid_credentials=====
[INFO ] 2024-09-06 22:46:50.456 [main] LoggerLoad - =========Validating the 3 iteration with scenario invalid_endpoint=====
[INFO ] 2024-09-06 22:46:50.456 [main] LoggerLoad - =========Validating the 4 iteration with scenario invalid_method=====
